2021-05-18 13:41:30.782 +06:00 [INF] Application Starting up
2021-05-18 14:06:37.943 +06:00 [ERR] An unhandled exception has occurred while executing the request.
Microsoft.AspNetCore.Connections.ConnectionResetException: The client has disconnected
 ---> System.Runtime.InteropServices.COMException (0x800704CD): An operation was attempted on a nonexistent network connection. (0x800704CD)
   --- End of inner exception stack trace ---
   at Microsoft.AspNetCore.Server.IIS.Core.IO.AsyncIOOperation.GetResult(Int16 token)
   at Microsoft.AspNetCore.Server.IIS.Core.IISHttpContext.ReadBody()
   at System.IO.Pipelines.PipeCompletion.ThrowLatchedException()
   at System.IO.Pipelines.Pipe.GetReadResult(ReadResult& result)
   at System.IO.Pipelines.Pipe.ReadAsync(CancellationToken token)
   at System.IO.Pipelines.Pipe.DefaultPipeReader.ReadAsync(CancellationToken cancellationToken)
   at Microsoft.AspNetCore.Server.IIS.Core.IISHttpContext.ReadAsync(Memory`1 memory, CancellationToken cancellationToken)
   at Microsoft.AspNetCore.Server.IIS.Core.HttpRequestStream.ReadAsyncInternal(Memory`1 buffer, CancellationToken cancellationToken)
   at System.IO.Pipelines.StreamPipeReader.ReadAsync(CancellationToken cancellationToken)
   at Microsoft.AspNetCore.WebUtilities.FormPipeReader.ReadFormAsync(CancellationToken cancellationToken)
   at Microsoft.AspNetCore.Http.Features.FormFeature.InnerReadFormAsync(CancellationToken cancellationToken)
   at Microsoft.AspNetCore.Mvc.ModelBinding.FormValueProviderFactory.AddValueProviderAsync(ValueProviderFactoryContext context)
   at Microsoft.AspNetCore.Mvc.ModelBinding.CompositeValueProvider.CreateAsync(ActionContext actionContext, IList`1 factories)
   at Microsoft.AspNetCore.Mvc.ModelBinding.CompositeValueProvider.TryCreateAsync(ActionContext actionContext, IList`1 factories)
   at Microsoft.AspNetCore.Mvc.Controllers.ControllerBinderDelegateProvider.<>c__DisplayClass0_0.<<CreateBinderDelegate>g__Bind|0>d.MoveNext()
--- End of stack trace from previous location where exception was thrown ---
   at Microsoft.AspNetCore.Mvc.Infrastructure.ControllerActionInvoker.<InvokeInnerFilterAsync>g__Awaited|13_0(ControllerActionInvoker invoker, Task lastTask, State next, Scope scope, Object state, Boolean isCompleted)
   at Microsoft.AspNetCore.Mvc.Infrastructure.ResourceInvoker.<InvokeNextResourceFilter>g__Awaited|24_0(ResourceInvoker invoker, Task lastTask, State next, Scope scope, Object state, Boolean isCompleted)
   at Microsoft.AspNetCore.Mvc.Infrastructure.ResourceInvoker.Rethrow(ResourceExecutedContextSealed context)
   at Microsoft.AspNetCore.Mvc.Infrastructure.ResourceInvoker.Next(State& next, Scope& scope, Object& state, Boolean& isCompleted)
   at Microsoft.AspNetCore.Mvc.Infrastructure.ResourceInvoker.InvokeFilterPipelineAsync()
--- End of stack trace from previous location where exception was thrown ---
   at Microsoft.AspNetCore.Mvc.Infrastructure.ResourceInvoker.<InvokeAsync>g__Awaited|17_0(ResourceInvoker invoker, Task task, IDisposable scope)
   at Microsoft.AspNetCore.Routing.EndpointMiddleware.<Invoke>g__AwaitRequestTask|6_0(Endpoint endpoint, Task requestTask, ILogger logger)
   at Microsoft.AspNetCore.Authorization.AuthorizationMiddleware.Invoke(HttpContext context)
   at Microsoft.AspNetCore.Authentication.AuthenticationMiddleware.Invoke(HttpContext context)
   at Microsoft.AspNetCore.Diagnostics.EntityFrameworkCore.MigrationsEndPointMiddleware.Invoke(HttpContext context)
   at Microsoft.AspNetCore.Diagnostics.EntityFrameworkCore.DatabaseErrorPageMiddleware.Invoke(HttpContext httpContext)
   at Microsoft.AspNetCore.Diagnostics.EntityFrameworkCore.DatabaseErrorPageMiddleware.Invoke(HttpContext httpContext)
   at Microsoft.AspNetCore.Diagnostics.DeveloperExceptionPageMiddleware.Invoke(HttpContext context)
2021-05-18 14:06:55.483 +06:00 [INF] User logged in.
2021-05-18 14:20:04.576 +06:00 [INF] User logged in.
2021-05-18 15:32:28.300 +06:00 [INF] Application Starting up
2021-05-18 15:35:18.804 +06:00 [INF] User logged in.
2021-05-18 15:37:50.302 +06:00 [INF] User logged in.
2021-05-18 15:39:20.134 +06:00 [INF] User logged in.
2021-05-18 15:40:38.492 +06:00 [INF] User logged in.
2021-05-18 16:51:41.156 +06:00 [INF] Application Starting up
2021-05-18 16:53:35.906 +06:00 [INF] User logged in.
2021-05-18 17:29:10.750 +06:00 [INF] Application Starting up
2021-05-18 17:31:42.383 +06:00 [INF] User logged in.
2021-05-18 17:42:09.676 +06:00 [INF] Application Starting up
2021-05-18 17:50:19.864 +06:00 [INF] User logged in.
2021-05-18 17:57:36.137 +06:00 [INF] User logged in.
2021-05-18 19:17:56.830 +06:00 [INF] Application Starting up
2021-05-18 19:19:52.041 +06:00 [INF] User logged in.
2021-05-18 20:35:58.342 +06:00 [INF] Application Starting up
2021-05-18 20:37:20.315 +06:00 [INF] User logged in.
