2021-05-19 00:06:48.315 +06:00 [INF] Application Starting up
2021-05-19 00:10:49.657 +06:00 [INF] User logged in.
2021-05-19 00:12:56.793 +06:00 [INF] User logged in.
2021-05-19 11:08:55.504 +06:00 [INF] Application Starting up
2021-05-19 11:13:00.668 +06:00 [INF] User logged in.
2021-05-19 12:09:57.781 +06:00 [INF] Application Starting up
2021-05-19 12:16:44.786 +06:00 [INF] User logged in.
2021-05-19 14:27:58.104 +06:00 [INF] Application Starting up
2021-05-19 15:06:30.118 +06:00 [INF] Application Starting up
2021-05-19 15:18:24.361 +06:00 [INF] User logged in.
2021-05-19 15:22:36.569 +06:00 [ERR] An unhandled exception has occurred while executing the request.
System.ArgumentNullException: Value cannot be null. (Parameter 'source')
   at System.Linq.ThrowHelper.ThrowArgumentNullException(ExceptionArgument argument)
   at System.Linq.Enumerable.Select[TSource,TResult](IEnumerable`1 source, Func`2 selector)
   at Demo.Web.Models.RegistrationData.ConvertToCandidates(IList`1 electionCandidates) in E:\6_DIU\DIU PROJECT\Project Final\Final-Project\E-Election Voting\Demo.Web\Models\RegistrationData.cs:line 45
   at Demo.Web.Models.RegistrationData.LoadCandidates() in E:\6_DIU\DIU PROJECT\Project Final\Final-Project\E-Election Voting\Demo.Web\Models\RegistrationData.cs:line 38
   at Demo.Web.Areas.Admin.Controllers.CandidateController.GetAllCandidateDataTable() in E:\6_DIU\DIU PROJECT\Project Final\Final-Project\E-Election Voting\Demo.Web\Areas\Admin\Controllers\CandidateController.cs:line 41
   at lambda_method(Closure , Object , Object[] )
   at Microsoft.Extensions.Internal.ObjectMethodExecutor.Execute(Object target, Object[] parameters)
   at Microsoft.AspNetCore.Mvc.Infrastructure.ActionMethodExecutor.SyncActionResultExecutor.Execute(IActionResultTypeMapper mapper, ObjectMethodExecutor executor, Object controller, Object[] arguments)
   at Microsoft.AspNetCore.Mvc.Infrastructure.ControllerActionInvoker.InvokeActionMethodAsync()
   at Microsoft.AspNetCore.Mvc.Infrastructure.ControllerActionInvoker.Next(State& next, Scope& scope, Object& state, Boolean& isCompleted)
   at Microsoft.AspNetCore.Mvc.Infrastructure.ControllerActionInvoker.InvokeNextActionFilterAsync()
--- End of stack trace from previous location where exception was thrown ---
   at Microsoft.AspNetCore.Mvc.Infrastructure.ControllerActionInvoker.Rethrow(ActionExecutedContextSealed context)
   at Microsoft.AspNetCore.Mvc.Infrastructure.ControllerActionInvoker.Next(State& next, Scope& scope, Object& state, Boolean& isCompleted)
   at Microsoft.AspNetCore.Mvc.Infrastructure.ControllerActionInvoker.InvokeInnerFilterAsync()
--- End of stack trace from previous location where exception was thrown ---
   at Microsoft.AspNetCore.Mvc.Infrastructure.ResourceInvoker.<InvokeNextResourceFilter>g__Awaited|24_0(ResourceInvoker invoker, Task lastTask, State next, Scope scope, Object state, Boolean isCompleted)
   at Microsoft.AspNetCore.Mvc.Infrastructure.ResourceInvoker.Rethrow(ResourceExecutedContextSealed context)
   at Microsoft.AspNetCore.Mvc.Infrastructure.ResourceInvoker.Next(State& next, Scope& scope, Object& state, Boolean& isCompleted)
   at Microsoft.AspNetCore.Mvc.Infrastructure.ResourceInvoker.InvokeFilterPipelineAsync()
--- End of stack trace from previous location where exception was thrown ---
   at Microsoft.AspNetCore.Mvc.Infrastructure.ResourceInvoker.<InvokeAsync>g__Awaited|17_0(ResourceInvoker invoker, Task task, IDisposable scope)
   at Microsoft.AspNetCore.Routing.EndpointMiddleware.<Invoke>g__AwaitRequestTask|6_0(Endpoint endpoint, Task requestTask, ILogger logger)
   at Microsoft.AspNetCore.Authorization.AuthorizationMiddleware.Invoke(HttpContext context)
   at Microsoft.AspNetCore.Authentication.AuthenticationMiddleware.Invoke(HttpContext context)
   at Microsoft.AspNetCore.Diagnostics.EntityFrameworkCore.MigrationsEndPointMiddleware.Invoke(HttpContext context)
   at Microsoft.AspNetCore.Diagnostics.EntityFrameworkCore.DatabaseErrorPageMiddleware.Invoke(HttpContext httpContext)
   at Microsoft.AspNetCore.Diagnostics.EntityFrameworkCore.DatabaseErrorPageMiddleware.Invoke(HttpContext httpContext)
   at Microsoft.AspNetCore.Diagnostics.DeveloperExceptionPageMiddleware.Invoke(HttpContext context)
2021-05-19 16:03:51.362 +06:00 [INF] Application Starting up
2021-05-19 16:06:03.749 +06:00 [INF] User logged in.
2021-05-19 16:12:53.014 +06:00 [INF] Application Starting up
2021-05-19 16:16:48.427 +06:00 [INF] User logged in.
2021-05-19 17:12:56.258 +06:00 [INF] Application Starting up
