2021-05-06 01:33:50.020 +06:00 [INF] Application Starting up
2021-05-06 01:35:09.067 +06:00 [INF] User logged in.
2021-05-06 02:04:49.623 +06:00 [INF] Application Starting up
2021-05-06 02:19:12.346 +06:00 [INF] User logged in.
2021-05-06 14:34:42.920 +06:00 [INF] Application Starting up
2021-05-06 14:38:26.138 +06:00 [INF] User logged in.
2021-05-06 14:38:26.138 +06:00 [INF] User logged in.
2021-05-06 17:36:55.455 +06:00 [INF] Application Starting up
2021-05-06 17:39:16.090 +06:00 [WRN] Invalid password for user 1c9e53a4-c11b-4028-12b6-08d90e605307.
2021-05-06 17:39:16.108 +06:00 [WRN] User 1c9e53a4-c11b-4028-12b6-08d90e605307 failed to provide the correct password.
2021-05-06 17:39:32.143 +06:00 [INF] User logged in.
2021-05-06 20:06:50.713 +06:00 [INF] Application Starting up
2021-05-06 20:08:57.717 +06:00 [WRN] Invalid password for user 1c9e53a4-c11b-4028-12b6-08d90e605307.
2021-05-06 20:08:57.733 +06:00 [WRN] User 1c9e53a4-c11b-4028-12b6-08d90e605307 failed to provide the correct password.
2021-05-06 20:09:21.800 +06:00 [INF] User logged in.
2021-05-06 20:14:20.200 +06:00 [INF] Application Starting up
2021-05-06 20:15:18.350 +06:00 [INF] User logged in.
2021-05-06 21:02:12.901 +06:00 [INF] Application Starting up
2021-05-06 21:03:13.239 +06:00 [INF] User logged in.
2021-05-06 21:17:18.370 +06:00 [INF] User created a new account with password.
2021-05-06 21:18:43.907 +06:00 [INF] User created a new account with password.
